Copyright 1986-2019 Xilinx, Inc. All Rights Reserved.
-----------------------------------------------------------------------------------------------------------------------------------------------------------------------------------------------------------
| Tool Version : Vivado v.2019.1 (win64) Build 2552052 Fri May 24 14:49:42 MDT 2019
| Date         : Thu Dec 14 19:08:25 2023
| Host         : DESKTOP-D9TA2M7 running 64-bit major release  (build 9200)
| Command      : report_timing_summary -max_paths 10 -file Unit_Control_timing_summary_routed.rpt -pb Unit_Control_timing_summary_routed.pb -rpx Unit_Control_timing_summary_routed.rpx -warn_on_violation
| Design       : Unit_Control
| Device       : 7a35t-cpg236
| Speed File   : -1  PRODUCTION 1.23 2018-06-13
-----------------------------------------------------------------------------------------------------------------------------------------------------------------------------------------------------------

Timing Summary Report

------------------------------------------------------------------------------------------------
| Timer Settings
| --------------
------------------------------------------------------------------------------------------------

  Enable Multi Corner Analysis               :  Yes
  Enable Pessimism Removal                   :  Yes
  Pessimism Removal Resolution               :  Nearest Common Node
  Enable Input Delay Default Clock           :  No
  Enable Preset / Clear Arcs                 :  No
  Disable Flight Delays                      :  No
  Ignore I/O Paths                           :  No
  Timing Early Launch at Borrowing Latches   :  No
  Borrow Time for Max Delay Exceptions       :  Yes

  Corner  Analyze    Analyze    
  Name    Max Paths  Min Paths  
  ------  ---------  ---------  
  Slow    Yes        Yes        
  Fast    Yes        Yes        



check_timing report

Table of Contents
-----------------
1. checking no_clock
2. checking constant_clock
3. checking pulse_width_clock
4. checking unconstrained_internal_endpoints
5. checking no_input_delay
6. checking no_output_delay
7. checking multiple_clock
8. checking generated_clocks
9. checking loops
10. checking partial_input_delay
11. checking partial_output_delay
12. checking latch_loops

1. checking no_clock
--------------------
 There are 3 register/latch pins with no clock driven by root clock pin: instruction[0] (HIGH)

 There are 3 register/latch pins with no clock driven by root clock pin: instruction[10] (HIGH)

 There are 3 register/latch pins with no clock driven by root clock pin: instruction[11] (HIGH)

 There are 3 register/latch pins with no clock driven by root clock pin: instruction[12] (HIGH)

 There are 3 register/latch pins with no clock driven by root clock pin: instruction[13] (HIGH)

 There are 3 register/latch pins with no clock driven by root clock pin: instruction[14] (HIGH)

 There are 3 register/latch pins with no clock driven by root clock pin: instruction[15] (HIGH)

 There are 3 register/latch pins with no clock driven by root clock pin: instruction[16] (HIGH)

 There are 3 register/latch pins with no clock driven by root clock pin: instruction[17] (HIGH)

 There are 3 register/latch pins with no clock driven by root clock pin: instruction[18] (HIGH)

 There are 3 register/latch pins with no clock driven by root clock pin: instruction[19] (HIGH)

 There are 3 register/latch pins with no clock driven by root clock pin: instruction[1] (HIGH)

 There are 3 register/latch pins with no clock driven by root clock pin: instruction[20] (HIGH)

 There are 3 register/latch pins with no clock driven by root clock pin: instruction[21] (HIGH)

 There are 3 register/latch pins with no clock driven by root clock pin: instruction[22] (HIGH)

 There are 3 register/latch pins with no clock driven by root clock pin: instruction[23] (HIGH)

 There are 3 register/latch pins with no clock driven by root clock pin: instruction[24] (HIGH)

 There are 3 register/latch pins with no clock driven by root clock pin: instruction[25] (HIGH)

 There are 3 register/latch pins with no clock driven by root clock pin: instruction[26] (HIGH)

 There are 3 register/latch pins with no clock driven by root clock pin: instruction[27] (HIGH)

 There are 3 register/latch pins with no clock driven by root clock pin: instruction[28] (HIGH)

 There are 3 register/latch pins with no clock driven by root clock pin: instruction[29] (HIGH)

 There are 3 register/latch pins with no clock driven by root clock pin: instruction[2] (HIGH)

 There are 3 register/latch pins with no clock driven by root clock pin: instruction[30] (HIGH)

 There are 3 register/latch pins with no clock driven by root clock pin: instruction[31] (HIGH)

 There are 3 register/latch pins with no clock driven by root clock pin: instruction[32] (HIGH)

 There are 3 register/latch pins with no clock driven by root clock pin: instruction[33] (HIGH)

 There are 3 register/latch pins with no clock driven by root clock pin: instruction[34] (HIGH)

 There are 3 register/latch pins with no clock driven by root clock pin: instruction[35] (HIGH)

 There are 3 register/latch pins with no clock driven by root clock pin: instruction[36] (HIGH)

 There are 3 register/latch pins with no clock driven by root clock pin: instruction[37] (HIGH)

 There are 3 register/latch pins with no clock driven by root clock pin: instruction[38] (HIGH)

 There are 3 register/latch pins with no clock driven by root clock pin: instruction[39] (HIGH)

 There are 3 register/latch pins with no clock driven by root clock pin: instruction[3] (HIGH)

 There are 3 register/latch pins with no clock driven by root clock pin: instruction[40] (HIGH)

 There are 3 register/latch pins with no clock driven by root clock pin: instruction[41] (HIGH)

 There are 3 register/latch pins with no clock driven by root clock pin: instruction[42] (HIGH)

 There are 3 register/latch pins with no clock driven by root clock pin: instruction[43] (HIGH)

 There are 3 register/latch pins with no clock driven by root clock pin: instruction[44] (HIGH)

 There are 3 register/latch pins with no clock driven by root clock pin: instruction[45] (HIGH)

 There are 3 register/latch pins with no clock driven by root clock pin: instruction[46] (HIGH)

 There are 3 register/latch pins with no clock driven by root clock pin: instruction[47] (HIGH)

 There are 3 register/latch pins with no clock driven by root clock pin: instruction[4] (HIGH)

 There are 3 register/latch pins with no clock driven by root clock pin: instruction[5] (HIGH)

 There are 3 register/latch pins with no clock driven by root clock pin: instruction[6] (HIGH)

 There are 3 register/latch pins with no clock driven by root clock pin: instruction[7] (HIGH)

 There are 3 register/latch pins with no clock driven by root clock pin: instruction[8] (HIGH)

 There are 3 register/latch pins with no clock driven by root clock pin: instruction[9] (HIGH)

 There are 3 register/latch pins with no clock driven by root clock pin: length[0] (HIGH)

 There are 3 register/latch pins with no clock driven by root clock pin: length[10] (HIGH)

 There are 3 register/latch pins with no clock driven by root clock pin: length[11] (HIGH)

 There are 3 register/latch pins with no clock driven by root clock pin: length[12] (HIGH)

 There are 3 register/latch pins with no clock driven by root clock pin: length[13] (HIGH)

 There are 3 register/latch pins with no clock driven by root clock pin: length[14] (HIGH)

 There are 3 register/latch pins with no clock driven by root clock pin: length[15] (HIGH)

 There are 3 register/latch pins with no clock driven by root clock pin: length[16] (HIGH)

 There are 3 register/latch pins with no clock driven by root clock pin: length[17] (HIGH)

 There are 3 register/latch pins with no clock driven by root clock pin: length[18] (HIGH)

 There are 3 register/latch pins with no clock driven by root clock pin: length[19] (HIGH)

 There are 3 register/latch pins with no clock driven by root clock pin: length[1] (HIGH)

 There are 3 register/latch pins with no clock driven by root clock pin: length[20] (HIGH)

 There are 3 register/latch pins with no clock driven by root clock pin: length[21] (HIGH)

 There are 3 register/latch pins with no clock driven by root clock pin: length[22] (HIGH)

 There are 3 register/latch pins with no clock driven by root clock pin: length[23] (HIGH)

 There are 3 register/latch pins with no clock driven by root clock pin: length[24] (HIGH)

 There are 3 register/latch pins with no clock driven by root clock pin: length[25] (HIGH)

 There are 3 register/latch pins with no clock driven by root clock pin: length[26] (HIGH)

 There are 3 register/latch pins with no clock driven by root clock pin: length[27] (HIGH)

 There are 3 register/latch pins with no clock driven by root clock pin: length[28] (HIGH)

 There are 3 register/latch pins with no clock driven by root clock pin: length[29] (HIGH)

 There are 3 register/latch pins with no clock driven by root clock pin: length[2] (HIGH)

 There are 3 register/latch pins with no clock driven by root clock pin: length[30] (HIGH)

 There are 3 register/latch pins with no clock driven by root clock pin: length[31] (HIGH)

 There are 3 register/latch pins with no clock driven by root clock pin: length[3] (HIGH)

 There are 3 register/latch pins with no clock driven by root clock pin: length[4] (HIGH)

 There are 3 register/latch pins with no clock driven by root clock pin: length[5] (HIGH)

 There are 3 register/latch pins with no clock driven by root clock pin: length[6] (HIGH)

 There are 3 register/latch pins with no clock driven by root clock pin: length[7] (HIGH)

 There are 3 register/latch pins with no clock driven by root clock pin: length[8] (HIGH)

 There are 3 register/latch pins with no clock driven by root clock pin: length[9] (HIGH)

 There are 3 register/latch pins with no clock driven by root clock pin: instruction_length_reg[0]/Q (HIGH)

 There are 3 register/latch pins with no clock driven by root clock pin: instruction_length_reg[1]/Q (HIGH)

 There are 3 register/latch pins with no clock driven by root clock pin: instruction_length_reg[2]/Q (HIGH)


2. checking constant_clock
--------------------------
 There are 0 register/latch pins with constant_clock.


3. checking pulse_width_clock
-----------------------------
 There are 0 register/latch pins which need pulse_width check


4. checking unconstrained_internal_endpoints
--------------------------------------------
 There are 6 pins that are not constrained for maximum delay. (HIGH)

 There are 0 pins that are not constrained for maximum delay due to constant clock.


5. checking no_input_delay
--------------------------
 There are 51 input ports with no input delay specified. (HIGH)

 There are 0 input ports with no input delay but user has a false path constraint.


6. checking no_output_delay
---------------------------
 There are 3 ports with no output delay specified. (HIGH)

 There are 0 ports with no output delay but user has a false path constraint

 There are 0 ports with no output delay but with a timing clock defined on it or propagating through it


7. checking multiple_clock
--------------------------
 There are 0 register/latch pins with multiple clocks.


8. checking generated_clocks
----------------------------
 There are 0 generated clocks that are not connected to a clock source.


9. checking loops
-----------------
 There are 0 combinational loops in the design.


10. checking partial_input_delay
--------------------------------
 There are 0 input ports with partial input delay specified.


11. checking partial_output_delay
---------------------------------
 There are 0 ports with partial output delay specified.


12. checking latch_loops
------------------------
 There are 0 combinational latch loops in the design through latch input



------------------------------------------------------------------------------------------------
| Design Timing Summary
| ---------------------
------------------------------------------------------------------------------------------------

    WNS(ns)      TNS(ns)  TNS Failing Endpoints  TNS Total Endpoints      WHS(ns)      THS(ns)  THS Failing Endpoints  THS Total Endpoints     WPWS(ns)     TPWS(ns)  TPWS Failing Endpoints  TPWS Total Endpoints  
    -------      -------  ---------------------  -------------------      -------      -------  ---------------------  -------------------     --------     --------  ----------------------  --------------------  
         NA           NA                     NA                   NA           NA           NA                     NA                   NA           NA           NA                      NA                    NA  


There are no user specified timing constraints.


------------------------------------------------------------------------------------------------
| Clock Summary
| -------------
------------------------------------------------------------------------------------------------


------------------------------------------------------------------------------------------------
| Intra Clock Table
| -----------------
------------------------------------------------------------------------------------------------

Clock             WNS(ns)      TNS(ns)  TNS Failing Endpoints  TNS Total Endpoints      WHS(ns)      THS(ns)  THS Failing Endpoints  THS Total Endpoints     WPWS(ns)     TPWS(ns)  TPWS Failing Endpoints  TPWS Total Endpoints  
-----             -------      -------  ---------------------  -------------------      -------      -------  ---------------------  -------------------     --------     --------  ----------------------  --------------------  


------------------------------------------------------------------------------------------------
| Inter Clock Table
| -----------------
------------------------------------------------------------------------------------------------

From Clock    To Clock          WNS(ns)      TNS(ns)  TNS Failing Endpoints  TNS Total Endpoints      WHS(ns)      THS(ns)  THS Failing Endpoints  THS Total Endpoints  
----------    --------          -------      -------  ---------------------  -------------------      -------      -------  ---------------------  -------------------  


------------------------------------------------------------------------------------------------
| Other Path Groups Table
| -----------------------
------------------------------------------------------------------------------------------------

Path Group    From Clock    To Clock          WNS(ns)      TNS(ns)  TNS Failing Endpoints  TNS Total Endpoints      WHS(ns)      THS(ns)  THS Failing Endpoints  THS Total Endpoints  
----------    ----------    --------          -------      -------  ---------------------  -------------------      -------      -------  ---------------------  -------------------  


------------------------------------------------------------------------------------------------
| Timing Details
| --------------
------------------------------------------------------------------------------------------------


